<?xml version="1.0" encoding="UTF-8"?>
<!-- Generated by org.testng.reporters.JUnitXMLReporter -->
<testsuite ignored="0" hostname="DESKTOP-J4SRGEC" failures="0" tests="4" name="Default test" time="7.24" errors="0" timestamp="2024-07-09T07:47:46 IST">
  <testcase classname="checkbox_radiobutton.UseingTestng" name="multipleCHECKBOX" time="0.59"/>
  <testcase classname="checkbox_radiobutton.UseingTestng" name="multipleradio" time="0.33"/>
  <testcase classname="checkbox_radiobutton.UseingTestng" name="singleCHECKBOX" time="0.166"/>
  <testcase classname="checkbox_radiobutton.UseingTestng" name="singleradio" time="0.128"/>
</testsuite> <!-- Default test -->
