<?xml version="1.0" encoding="UTF-8"?>
<!-- Generated by org.testng.reporters.JUnitXMLReporter -->
<testsuite ignored="2" hostname="DESKTOP-J4SRGEC" failures="2" tests="2" name="Test" time="0.193" errors="0" timestamp="2024-07-09T07:52:12 IST">
  <testcase classname="checkbox_radiobutton.UseingTestng" name="singleCHECKBOX" time="0.017">
    <failure type="java.lang.NullPointerException" message="Cannot invoke &amp;quot;org.openqa.selenium.WebDriver.manage()&amp;quot; because &amp;quot;this.driver&amp;quot; is null">
      <![CDATA[java.lang.NullPointerException: Cannot invoke "org.openqa.selenium.WebDriver.manage()" because "this.driver" is null
at checkbox_radiobutton.UseingTestng.singleCHECKBOX(UseingTestng.java:34)
at java.base/java.util.ArrayList.forEach(ArrayList.java:1511)
... Removed 27 stack frames]]>
    </failure>
  </testcase> <!-- singleCHECKBOX -->
  <testcase classname="checkbox_radiobutton.UseingTestng" name="singleradio" time="0.002">
    <failure type="java.lang.NullPointerException" message="Cannot invoke &amp;quot;org.openqa.selenium.WebDriver.manage()&amp;quot; because &amp;quot;this.driver&amp;quot; is null">
      <![CDATA[java.lang.NullPointerException: Cannot invoke "org.openqa.selenium.WebDriver.manage()" because "this.driver" is null
at checkbox_radiobutton.UseingTestng.singleradio(UseingTestng.java:41)
at java.base/java.util.ArrayList.forEach(ArrayList.java:1511)
... Removed 27 stack frames]]>
    </failure>
  </testcase> <!-- singleradio -->
  <testcase classname="checkbox_radiobutton.UseingTestng" name="multipleCHECKBOX" time="0.0">
    <ignored/>
  </testcase> <!-- multipleCHECKBOX -->
  <testcase classname="checkbox_radiobutton.UseingTestng" name="multipleradio" time="0.0">
    <ignored/>
  </testcase> <!-- multipleradio -->
</testsuite> <!-- Test -->
